{
  "stats": {
    "suites": 1,
    "tests": 2,
    "passes": 2,
    "pending": 0,
    "failures": 0,
    "start": "2021-12-07T00:05:11.173Z",
    "end": "2021-12-07T00:05:12.705Z",
    "duration": 1532,
    "testsRegistered": 2,
    "passPercent": 100,
    "pendingPercent": 0,
    "other": 0,
    "hasOther": false,
    "skipped": 0,
    "hasSkipped": false
  },
  "results": [
    {
      "uuid": "bbceebb4-5e3b-43d0-8797-c1068f442f74",
      "title": "",
      "fullFile": "cypress/integration/listagem.spec.js",
      "file": "cypress/integration/listagem.spec.js",
      "beforeHooks": [],
      "afterHooks": [],
      "tests": [],
      "suites": [
        {
          "uuid": "856c96e4-294c-47ef-8387-a6ed2215466d",
          "title": "Listagem",
          "fullFile": "",
          "file": "",
          "beforeHooks": [],
          "afterHooks": [],
          "tests": [
            {
              "title": "Quando não houver cadastros, então a listagem deve estar vazia",
              "fullTitle": "Listagem Quando não houver cadastros, então a listagem deve estar vazia",
              "timedOut": null,
              "duration": 1052,
              "state": "passed",
              "speed": "fast",
              "pass": true,
              "fail": false,
              "pending": false,
              "context": null,
              "code": "cy.fixture(\"listagem-sem-itens\").then(data => {\n  window.localStorage.setItem(\"data\", JSON.stringify(data));\n});\ncy.visit(\"/listagem.html\");\ncy.get(\"table tbody tr\").should(\"have.length\", 0);",
              "err": {},
              "uuid": "a2637555-2636-4d17-a5a6-78473425b501",
              "parentUUID": "856c96e4-294c-47ef-8387-a6ed2215466d",
              "isHook": false,
              "skipped": false
            },
            {
              "title": "Quando houver cadastros, então a listagem deve exibir cada registro",
              "fullTitle": "Listagem Quando houver cadastros, então a listagem deve exibir cada registro",
              "timedOut": null,
              "duration": 407,
              "state": "passed",
              "speed": "fast",
              "pass": true,
              "fail": false,
              "pending": false,
              "context": null,
              "code": "cy.fixture(\"listagem-com-itens\").then(data => {\n  window.localStorage.setItem(\"data\", JSON.stringify(data));\n});\ncy.visit(\"/listagem.html\");\ncy.get(\"table tbody tr\").should(\"have.length\", 3);",
              "err": {},
              "uuid": "96b615da-5439-44a8-82d7-529442daa0be",
              "parentUUID": "856c96e4-294c-47ef-8387-a6ed2215466d",
              "isHook": false,
              "skipped": false
            }
          ],
          "suites": [],
          "passes": [
            "a2637555-2636-4d17-a5a6-78473425b501",
            "96b615da-5439-44a8-82d7-529442daa0be"
          ],
          "failures": [],
          "pending": [],
          "skipped": [],
          "duration": 1459,
          "root": false,
          "rootEmpty": false,
          "_timeout": 2000
        }
      ],
      "passes": [],
      "failures": [],
      "pending": [],
      "skipped": [],
      "duration": 0,
      "root": true,
      "rootEmpty": true,
      "_timeout": 2000
    }
  ],
  "meta": {
    "mocha": {
      "version": "7.0.1"
    },
    "mochawesome": {
      "options": {
        "quiet": true,
        "reportFilename": "mochawesome",
        "saveHtml": false,
        "saveJson": true,
        "consoleReporter": "spec",
        "useInlineDiffs": false,
        "code": true
      },
      "version": "7.0.1"
    },
    "marge": {
      "options": {
        "id": "default",
        "reporterDir": "mochawesome-report",
        "quiet": true,
        "overwrite": false,
        "html": false,
        "json": true
      },
      "version": "6.0.1"
    }
  }
}