{
  "stats": {
    "suites": 1,
    "tests": 2,
    "passes": 2,
    "pending": 0,
    "failures": 0,
    "start": "2021-12-05T19:12:21.695Z",
    "end": "2021-12-05T19:12:23.962Z",
    "duration": 2267,
    "testsRegistered": 2,
    "passPercent": 100,
    "pendingPercent": 0,
    "other": 0,
    "hasOther": false,
    "skipped": 0,
    "hasSkipped": false
  },
  "results": [
    {
      "uuid": "fc8e8be8-db2c-4ca7-8cc7-6858db6d9b76",
      "title": "",
      "fullFile": "cypress/integration/listagem.spec.js",
      "file": "cypress/integration/listagem.spec.js",
      "beforeHooks": [],
      "afterHooks": [],
      "tests": [],
      "suites": [
        {
          "uuid": "947584d3-f0f3-42f4-88d2-7e348bbc671b",
          "title": "Listagem",
          "fullFile": "",
          "file": "",
          "beforeHooks": [],
          "afterHooks": [],
          "tests": [
            {
              "title": "Quando não houver cadastros, então a listagem deve estar vazia",
              "fullTitle": "Listagem Quando não houver cadastros, então a listagem deve estar vazia",
              "timedOut": null,
              "duration": 1688,
              "state": "passed",
              "speed": "fast",
              "pass": true,
              "fail": false,
              "pending": false,
              "context": null,
              "code": "cy.fixture(\"listagem-sem-itens\").then(data => {\n  window.localStorage.setItem(\"data\", JSON.stringify(data));\n});\ncy.visit(\"/listagem.html\");\ncy.get(\"table tbody tr\").should(\"have.length\", 0);",
              "err": {},
              "uuid": "ba726eb0-effb-4fff-92dc-8e77e6425d2c",
              "parentUUID": "947584d3-f0f3-42f4-88d2-7e348bbc671b",
              "isHook": false,
              "skipped": false
            },
            {
              "title": "Quando houver cadastros, então a listagem deve exibir cada registro",
              "fullTitle": "Listagem Quando houver cadastros, então a listagem deve exibir cada registro",
              "timedOut": null,
              "duration": 511,
              "state": "passed",
              "speed": "fast",
              "pass": true,
              "fail": false,
              "pending": false,
              "context": null,
              "code": "cy.fixture(\"listagem-com-itens\").then(data => {\n  window.localStorage.setItem(\"data\", JSON.stringify(data));\n});\ncy.visit(\"/listagem.html\");\ncy.get(\"table tbody tr\").should(\"have.length\", 3);",
              "err": {},
              "uuid": "9146ea60-f9ee-4208-8282-f80936f7a807",
              "parentUUID": "947584d3-f0f3-42f4-88d2-7e348bbc671b",
              "isHook": false,
              "skipped": false
            }
          ],
          "suites": [],
          "passes": [
            "ba726eb0-effb-4fff-92dc-8e77e6425d2c",
            "9146ea60-f9ee-4208-8282-f80936f7a807"
          ],
          "failures": [],
          "pending": [],
          "skipped": [],
          "duration": 2199,
          "root": false,
          "rootEmpty": false,
          "_timeout": 2000
        }
      ],
      "passes": [],
      "failures": [],
      "pending": [],
      "skipped": [],
      "duration": 0,
      "root": true,
      "rootEmpty": true,
      "_timeout": 2000
    }
  ],
  "meta": {
    "mocha": {
      "version": "7.0.1"
    },
    "mochawesome": {
      "options": {
        "quiet": true,
        "reportFilename": "mochawesome",
        "saveHtml": false,
        "saveJson": true,
        "consoleReporter": "spec",
        "useInlineDiffs": false,
        "code": true
      },
      "version": "7.0.1"
    },
    "marge": {
      "options": {
        "id": "default",
        "reporterDir": "mochawesome-report",
        "quiet": true,
        "overwrite": false,
        "html": false,
        "json": true
      },
      "version": "6.0.1"
    }
  }
}