{
  "stats": {
    "suites": 1,
    "tests": 1,
    "passes": 1,
    "pending": 0,
    "failures": 0,
    "start": "2021-12-05T21:20:36.919Z",
    "end": "2021-12-05T21:20:43.045Z",
    "duration": 6126,
    "testsRegistered": 1,
    "passPercent": 100,
    "pendingPercent": 0,
    "other": 0,
    "hasOther": false,
    "skipped": 0,
    "hasSkipped": false
  },
  "results": [
    {
      "uuid": "6acc2d8c-6cab-4f03-87fc-0238fb772a96",
      "title": "",
      "fullFile": "cypress/integration/cadastro.spec.js",
      "file": "cypress/integration/cadastro.spec.js",
      "beforeHooks": [],
      "afterHooks": [],
      "tests": [],
      "suites": [
        {
          "uuid": "801fae28-68d1-4457-861c-01ed1d0885ed",
          "title": "Cadastro",
          "fullFile": "",
          "file": "",
          "beforeHooks": [],
          "afterHooks": [],
          "tests": [
            {
              "title": "Quando eu informar os dados e finalizar, então o cadastro é realizado",
              "fullTitle": "Cadastro Quando eu informar os dados e finalizar, então o cadastro é realizado",
              "timedOut": null,
              "duration": 6018,
              "state": "passed",
              "speed": "medium",
              "pass": true,
              "fail": false,
              "pending": false,
              "context": null,
              "code": "cy.visit(\"/\");\ncy.get(\"input[name=firstName]\").type(chance.first());\ncy.get(\"input[name=lastName]\").type(chance.last());\ncy.get(\"textarea[name=adress]\").type(chance.address());\ncy.get(\"input[name=emailAdress]\").type(chance.email());\ncy.get(\"input[value=n]\").check();\ncy.get(\"input[type=checkbox]\").check(\"Netflix\");\ncy.get(\"input[type=checkbox]\").check(\"Dormir\");\ncy.get(\"select#countries\").select(\"Dinamarca\", {\n  force: true\n});\ncy.get(\"select#years\").select(\"2006\", {\n  force: true\n});\ncy.get(\"select#months\").select(\"Janeiro\", {\n  force: true\n});\ncy.get(\"select#days\").select(\"8\", {\n  force: true\n});\ncy.get(\"input#firstpassword\").type(\"Aluno@21\");\ncy.get(\"input#secondpassword\").type(\"Aluno@21\");\ncy.get(\"#submitbtn\").click();\ncy.url().should(\"contain\", \"listagem\");",
              "err": {},
              "uuid": "383ac574-1a9c-4823-829d-d7fa442c86d2",
              "parentUUID": "801fae28-68d1-4457-861c-01ed1d0885ed",
              "isHook": false,
              "skipped": false
            }
          ],
          "suites": [],
          "passes": [
            "383ac574-1a9c-4823-829d-d7fa442c86d2"
          ],
          "failures": [],
          "pending": [],
          "skipped": [],
          "duration": 6018,
          "root": false,
          "rootEmpty": false,
          "_timeout": 2000
        }
      ],
      "passes": [],
      "failures": [],
      "pending": [],
      "skipped": [],
      "duration": 0,
      "root": true,
      "rootEmpty": true,
      "_timeout": 2000
    }
  ],
  "meta": {
    "mocha": {
      "version": "7.0.1"
    },
    "mochawesome": {
      "options": {
        "quiet": true,
        "reportFilename": "mochawesome",
        "saveHtml": false,
        "saveJson": true,
        "consoleReporter": "spec",
        "useInlineDiffs": false,
        "code": true
      },
      "version": "7.0.1"
    },
    "marge": {
      "options": {
        "id": "default",
        "reporterDir": "mochawesome-report",
        "quiet": true,
        "overwrite": false,
        "html": false,
        "json": true
      },
      "version": "6.0.1"
    }
  }
}